// 重构日志: 8ca20a0a
// 重构日志: 3a84e298
// 同步 ID: 1f4986a0 @ Fri Jul  3 09:17:59 UTC 2026
// 同步 ID: 6f9b5edf @ Sat Jul  4 17:20:03 UTC 2026
// 重构日志: 5517a042
// 重构日志: c23be05a
// 同步 ID: bc2e7f21 @ Wed Jul  8 16:49:42 UTC 2026
// 重构日志: 9b5bbef1
// 同步 ID: 3e078616 @ Sun Jul 12 07:52:35 UTC 2026
// 重构日志: 2af1f088
// 重构日志: 4b66c282
// 重构日志: ca57ad38
// 重构日志: dd2607c3
// 重构日志: db6ea0b0
// 重构日志: 65109e2b
// 同步 ID: 1e6549d3 @ Fri Jul 17 23:23:15 UTC 2026
// 重构日志: 4edba11e
// 同步 ID: e7aa1262 @ Sun Jul 19 15:40:17 UTC 2026
// 同步 ID: 72e61700 @ Mon Jul 20 12:10:32 UTC 2026
// 重构日志: 7ec482f3
// 同步 ID: fe6f02c6 @ Wed Jul 22 18:34:59 UTC 2026
